[debug] [2021-12-26T15:06:58.138Z] ----------------------------------------------------------------------
[debug] [2021-12-26T15:06:58.138Z] Command:       /usr/local/bin/node /usr/local/bin/firebase emulators:start
[debug] [2021-12-26T15:06:58.139Z] CLI Version:   10.0.1
[debug] [2021-12-26T15:06:58.139Z] Platform:      darwin
[debug] [2021-12-26T15:06:58.139Z] Node Version:  v17.0.1
[debug] [2021-12-26T15:06:58.140Z] Time:          Sun Dec 26 2021 15:06:58 GMT+0000 (Greenwich Mean Time)
[debug] [2021-12-26T15:06:58.140Z] ----------------------------------------------------------------------
[debug] 
[debug] [2021-12-26T15:06:58.164Z] > command requires scopes: ["email","openid","https://www.googleapis.com/auth/cloudplatformprojects.readonly","https://www.googleapis.com/auth/firebase","https://www.googleapis.com/auth/cloud-platform"]
[debug] [2021-12-26T15:06:58.165Z] > authorizing via signed-in user (greg.hesp@gmail.com)
[info] i  emulators: Starting emulators: functions, hosting {"metadata":{"emulator":{"name":"hub"},"message":"Starting emulators: functions, hosting"}}
[debug] [2021-12-26T15:06:58.173Z] [hub] writing locator at /var/folders/8s/m5g22bbs1cv6c8p9gvms706w0000gn/T/hub-bin-collection-api.json
[warn] ⚠  functions: The following emulators are not running, calls to these services from the Functions emulator will affect production: auth, firestore, database, pubsub, storage {"metadata":{"emulator":{"name":"functions"},"message":"The following emulators are not running, calls to these services from the Functions emulator will affect production: \u001b[1mauth, firestore, database, pubsub, storage\u001b[22m"}}
[warn] ⚠  Your requested "node" version "16" doesn't match your global version "17" {"metadata":{"emulator":{"name":"functions"},"message":"Your requested \"node\" version \"16\" doesn't match your global version \"17\""}}
[debug] [2021-12-26T15:06:58.224Z] defaultcredentials: writing to file /Users/greg/.config/firebase/greg_hesp_gmail.com_application_default_credentials.json
[debug] [2021-12-26T15:06:58.225Z] Setting GAC to /Users/greg/.config/firebase/greg_hesp_gmail.com_application_default_credentials.json {"metadata":{"emulator":{"name":"functions"},"message":"Setting GAC to /Users/greg/.config/firebase/greg_hesp_gmail.com_application_default_credentials.json"}}
[debug] [2021-12-26T15:06:58.226Z] >>> [apiv2][query] GET https://firebase.googleapis.com/v1beta1/projects/bin-collection-api/adminSdkConfig [none]
[debug] [2021-12-26T15:06:58.462Z] <<< [apiv2][status] GET https://firebase.googleapis.com/v1beta1/projects/bin-collection-api/adminSdkConfig 200
[debug] [2021-12-26T15:06:58.463Z] <<< [apiv2][body] GET https://firebase.googleapis.com/v1beta1/projects/bin-collection-api/adminSdkConfig {"projectId":"bin-collection-api","storageBucket":"bin-collection-api.appspot.com"}
[warn] ⚠  hosting: Port 6000 is restricted by some web browsers, including Chrome. You may want to choose a different port such as 6001. {"metadata":{"emulator":{"name":"hosting"},"message":"Port 6000 is restricted by some web browsers, including Chrome. You may want to choose a different port such as 6001."}}
[debug] [2021-12-26T15:06:58.493Z] >>> [apiv2][query] GET https://firebasehosting.googleapis.com/v1beta1/projects/bin-collection-api/sites 
[debug] [2021-12-26T15:06:59.197Z] <<< [apiv2][status] GET https://firebasehosting.googleapis.com/v1beta1/projects/bin-collection-api/sites 200
[debug] [2021-12-26T15:06:59.198Z] <<< [apiv2][body] GET https://firebasehosting.googleapis.com/v1beta1/projects/bin-collection-api/sites {"sites":[{"name":"projects/886767220015/sites/bin-collection-api","defaultUrl":"https://bin-collection-api.web.app","type":"DEFAULT_SITE"}]}
[debug] [2021-12-26T15:06:59.198Z] >>> [apiv2][query] GET https://firebase.googleapis.com/v1beta1/projects/bin-collection-api/webApps/-/config [none]
[debug] [2021-12-26T15:06:59.951Z] <<< [apiv2][status] GET https://firebase.googleapis.com/v1beta1/projects/bin-collection-api/webApps/-/config 200
[debug] [2021-12-26T15:06:59.952Z] <<< [apiv2][body] GET https://firebase.googleapis.com/v1beta1/projects/bin-collection-api/webApps/-/config {"projectId":"bin-collection-api","appId":"1:886767220015:web:02e80c721c3132a07dddda","storageBucket":"bin-collection-api.appspot.com","apiKey":"AIzaSyAXSyuFpTXSPBCMSbC3mXjs0t12lr7z31A","authDomain":"bin-collection-api.firebaseapp.com","messagingSenderId":"886767220015"}
[info] i  hosting: Serving hosting files from: public {"metadata":{"emulator":{"name":"hosting"},"message":"Serving hosting files from: \u001b[1mpublic\u001b[22m"}}
[info] ✔  hosting: Local server: http://localhost:6000 {"metadata":{"emulator":{"name":"hosting"},"message":"Local server: \u001b[4m\u001b[1mhttp://localhost:6000\u001b[22m\u001b[24m"}}
[debug] [2021-12-26T15:07:00.266Z] Ignoring unsupported arg: auto_download {"metadata":{"emulator":{"name":"ui"},"message":"Ignoring unsupported arg: auto_download"}}
[debug] [2021-12-26T15:07:00.267Z] Ignoring unsupported arg: port {"metadata":{"emulator":{"name":"ui"},"message":"Ignoring unsupported arg: port"}}
[debug] [2021-12-26T15:07:00.267Z] Starting Emulator UI with command {"binary":"node","args":["/Users/greg/.cache/firebase/emulators/ui-v1.6.4/server.bundle.js"],"optionalArgs":[],"joinArgs":false} {"metadata":{"emulator":{"name":"ui"},"message":"Starting Emulator UI with command {\"binary\":\"node\",\"args\":[\"/Users/greg/.cache/firebase/emulators/ui-v1.6.4/server.bundle.js\"],\"optionalArgs\":[],\"joinArgs\":false}"}}
[info] i  ui: Emulator UI logging to ui-debug.log {"metadata":{"emulator":{"name":"ui"},"message":"Emulator UI logging to \u001b[1mui-debug.log\u001b[22m"}}
[debug] [2021-12-26T15:07:00.336Z] Web / API server started at localhost:4000
 {"metadata":{"emulator":{"name":"ui"},"message":"Web / API server started at localhost:4000\n"}}
[info] i  functions: Watching "/Users/greg/Documents/Projects/Bin Collective/firebase-bin-collection-api/functions" for Cloud Functions... {"metadata":{"emulator":{"name":"functions"},"message":"Watching \"/Users/greg/Documents/Projects/Bin Collective/firebase-bin-collection-api/functions\" for Cloud Functions..."}}
[debug] [2021-12-26T15:07:00.548Z] [worker-pool] addWorker(~diagnostic~) {"metadata":{"emulator":{"name":"functions"},"message":"[worker-pool] addWorker(~diagnostic~)"}}
[debug] [2021-12-26T15:07:00.549Z] [worker-pool] Adding worker with key ~diagnostic~, total=1 {"metadata":{"emulator":{"name":"functions"},"message":"[worker-pool] Adding worker with key ~diagnostic~, total=1"}}
[debug] [2021-12-26T15:07:00.549Z] [worker-pool] submitWork(triggerId=) {"metadata":{"emulator":{"name":"functions"},"message":"[worker-pool] submitWork(triggerId=)"}}
[debug] [2021-12-26T15:07:00.549Z] [worker-~diagnostic~-a208045e-82f6-43d5-94c9-c7cb5b73830d]: Assigning socketPath: /var/folders/8s/m5g22bbs1cv6c8p9gvms706w0000gn/T/fire_emu_29890.sock {"metadata":{"emulator":{"name":"functions"},"message":"[worker-~diagnostic~-a208045e-82f6-43d5-94c9-c7cb5b73830d]: Assigning socketPath: /var/folders/8s/m5g22bbs1cv6c8p9gvms706w0000gn/T/fire_emu_29890.sock"}}
[debug] [2021-12-26T15:07:00.550Z] [worker-~diagnostic~-a208045e-82f6-43d5-94c9-c7cb5b73830d]: BUSY {"metadata":{"emulator":{"name":"functions"},"message":"[worker-~diagnostic~-a208045e-82f6-43d5-94c9-c7cb5b73830d]: BUSY"}}
[debug] [2021-12-26T15:07:00.622Z] [runtime-status] [29890] Functions runtime initialized. {"cwd":"/Users/greg/Documents/Projects/Bin Collective/firebase-bin-collection-api/functions","node_version":"17.0.1"} {"metadata":{"emulator":{"name":"functions"},"message":"[runtime-status] [29890] Functions runtime initialized. {\"cwd\":\"/Users/greg/Documents/Projects/Bin Collective/firebase-bin-collection-api/functions\",\"node_version\":\"17.0.1\"}"}}
[debug] [2021-12-26T15:07:00.623Z] [runtime-status] [29890] Disabled runtime features: undefined {"metadata":{"emulator":{"name":"functions"},"message":"[runtime-status] [29890] Disabled runtime features: undefined"}}
[debug] [2021-12-26T15:07:00.624Z] [runtime-status] [29890] Resolved module firebase-admin {"declared":true,"installed":true,"version":"9.12.0","resolution":"/Users/greg/Documents/Projects/Bin Collective/firebase-bin-collection-api/functions/node_modules/firebase-admin/lib/index.js"} {"metadata":{"emulator":{"name":"functions"},"message":"[runtime-status] [29890] Resolved module firebase-admin {\"declared\":true,\"installed\":true,\"version\":\"9.12.0\",\"resolution\":\"/Users/greg/Documents/Projects/Bin Collective/firebase-bin-collection-api/functions/node_modules/firebase-admin/lib/index.js\"}"}}
[debug] [2021-12-26T15:07:00.625Z] [runtime-status] [29890] Resolved module firebase-functions {"declared":true,"installed":true,"version":"3.16.0","resolution":"/Users/greg/Documents/Projects/Bin Collective/firebase-bin-collection-api/functions/node_modules/firebase-functions/lib/index.js"} {"metadata":{"emulator":{"name":"functions"},"message":"[runtime-status] [29890] Resolved module firebase-functions {\"declared\":true,\"installed\":true,\"version\":\"3.16.0\",\"resolution\":\"/Users/greg/Documents/Projects/Bin Collective/firebase-bin-collection-api/functions/node_modules/firebase-functions/lib/index.js\"}"}}
[debug] [2021-12-26T15:07:00.626Z] [runtime-status] [29890] Outgoing network have been stubbed. [{"name":"http","status":"mocked"},{"name":"http","status":"mocked"},{"name":"https","status":"mocked"},{"name":"https","status":"mocked"},{"name":"net","status":"mocked"}] {"metadata":{"emulator":{"name":"functions"},"message":"[runtime-status] [29890] Outgoing network have been stubbed. [{\"name\":\"http\",\"status\":\"mocked\"},{\"name\":\"http\",\"status\":\"mocked\"},{\"name\":\"https\",\"status\":\"mocked\"},{\"name\":\"https\",\"status\":\"mocked\"},{\"name\":\"net\",\"status\":\"mocked\"}]"}}
[debug] [2021-12-26T15:07:00.626Z] [runtime-status] [29890] Resolved module firebase-functions {"declared":true,"installed":true,"version":"3.16.0","resolution":"/Users/greg/Documents/Projects/Bin Collective/firebase-bin-collection-api/functions/node_modules/firebase-functions/lib/index.js"} {"metadata":{"emulator":{"name":"functions"},"message":"[runtime-status] [29890] Resolved module firebase-functions {\"declared\":true,\"installed\":true,\"version\":\"3.16.0\",\"resolution\":\"/Users/greg/Documents/Projects/Bin Collective/firebase-bin-collection-api/functions/node_modules/firebase-functions/lib/index.js\"}"}}
[debug] [2021-12-26T15:07:00.647Z] [runtime-status] [29890] Checked functions.config() {"config":{}} {"metadata":{"emulator":{"name":"functions"},"message":"[runtime-status] [29890] Checked functions.config() {\"config\":{}}"}}
[debug] [2021-12-26T15:07:00.647Z] [runtime-status] [29890] firebase-functions has been stubbed. {"functionsResolution":{"declared":true,"installed":true,"version":"3.16.0","resolution":"/Users/greg/Documents/Projects/Bin Collective/firebase-bin-collection-api/functions/node_modules/firebase-functions/lib/index.js"}} {"metadata":{"emulator":{"name":"functions"},"message":"[runtime-status] [29890] firebase-functions has been stubbed. {\"functionsResolution\":{\"declared\":true,\"installed\":true,\"version\":\"3.16.0\",\"resolution\":\"/Users/greg/Documents/Projects/Bin Collective/firebase-bin-collection-api/functions/node_modules/firebase-functions/lib/index.js\"}}"}}
[debug] [2021-12-26T15:07:00.647Z] [runtime-status] [29890] Resolved module firebase-functions {"declared":true,"installed":true,"version":"3.16.0","resolution":"/Users/greg/Documents/Projects/Bin Collective/firebase-bin-collection-api/functions/node_modules/firebase-functions/lib/index.js"} {"metadata":{"emulator":{"name":"functions"},"message":"[runtime-status] [29890] Resolved module firebase-functions {\"declared\":true,\"installed\":true,\"version\":\"3.16.0\",\"resolution\":\"/Users/greg/Documents/Projects/Bin Collective/firebase-bin-collection-api/functions/node_modules/firebase-functions/lib/index.js\"}"}}
[debug] [2021-12-26T15:07:00.647Z] [runtime-status] [29890] Resolved module firebase-admin {"declared":true,"installed":true,"version":"9.12.0","resolution":"/Users/greg/Documents/Projects/Bin Collective/firebase-bin-collection-api/functions/node_modules/firebase-admin/lib/index.js"} {"metadata":{"emulator":{"name":"functions"},"message":"[runtime-status] [29890] Resolved module firebase-admin {\"declared\":true,\"installed\":true,\"version\":\"9.12.0\",\"resolution\":\"/Users/greg/Documents/Projects/Bin Collective/firebase-bin-collection-api/functions/node_modules/firebase-admin/lib/index.js\"}"}}
[debug] [2021-12-26T15:07:00.648Z] [runtime-status] [29890] Resolved module firebase-functions {"declared":true,"installed":true,"version":"3.16.0","resolution":"/Users/greg/Documents/Projects/Bin Collective/firebase-bin-collection-api/functions/node_modules/firebase-functions/lib/index.js"} {"metadata":{"emulator":{"name":"functions"},"message":"[runtime-status] [29890] Resolved module firebase-functions {\"declared\":true,\"installed\":true,\"version\":\"3.16.0\",\"resolution\":\"/Users/greg/Documents/Projects/Bin Collective/firebase-bin-collection-api/functions/node_modules/firebase-functions/lib/index.js\"}"}}
[debug] [2021-12-26T15:07:00.648Z] [runtime-status] [29890] firebase-admin has been stubbed. {"adminResolution":{"declared":true,"installed":true,"version":"9.12.0","resolution":"/Users/greg/Documents/Projects/Bin Collective/firebase-bin-collection-api/functions/node_modules/firebase-admin/lib/index.js"}} {"metadata":{"emulator":{"name":"functions"},"message":"[runtime-status] [29890] firebase-admin has been stubbed. {\"adminResolution\":{\"declared\":true,\"installed\":true,\"version\":\"9.12.0\",\"resolution\":\"/Users/greg/Documents/Projects/Bin Collective/firebase-bin-collection-api/functions/node_modules/firebase-admin/lib/index.js\"}}"}}
[info] ✔  functions[us-central1-cheshireEast]: http function initialized (http://localhost:5001/bin-collection-api/us-central1/cheshireEast). {"metadata":{"emulator":{"name":"functions"},"message":"\u001b[1mhttp\u001b[22m function initialized (http://localhost:5001/bin-collection-api/us-central1/cheshireEast)."}}
[info] ✔  functions[us-central1-wakefield]: http function initialized (http://localhost:5001/bin-collection-api/us-central1/wakefield). {"metadata":{"emulator":{"name":"functions"},"message":"\u001b[1mhttp\u001b[22m function initialized (http://localhost:5001/bin-collection-api/us-central1/wakefield)."}}
[info] ✔  functions[us-central1-stockport]: http function initialized (http://localhost:5001/bin-collection-api/us-central1/stockport). {"metadata":{"emulator":{"name":"functions"},"message":"\u001b[1mhttp\u001b[22m function initialized (http://localhost:5001/bin-collection-api/us-central1/stockport)."}}
[info] 
┌─────────────────────────────────────────────────────────────┐
│ ✔  All emulators ready! It is now safe to connect your app. │
│ i  View Emulator UI at http://localhost:4000                │
└─────────────────────────────────────────────────────────────┘

┌───────────┬────────────────┬─────────────────────────────────┐
│ Emulator  │ Host:Port      │ View in Emulator UI             │
├───────────┼────────────────┼─────────────────────────────────┤
│ Functions │ localhost:5001 │ http://localhost:4000/functions │
├───────────┼────────────────┼─────────────────────────────────┤
│ Hosting   │ localhost:6000 │ n/a                             │
└───────────┴────────────────┴─────────────────────────────────┘
  Emulator Hub running at localhost:4400
  Other reserved ports: 4500

Issues? Report them at https://github.com/firebase/firebase-tools/issues and attach the *-debug.log files.
 
[debug] [2021-12-26T15:07:00.731Z] [worker-~diagnostic~-a208045e-82f6-43d5-94c9-c7cb5b73830d]: IDLE {"metadata":{"emulator":{"name":"functions"},"message":"[worker-~diagnostic~-a208045e-82f6-43d5-94c9-c7cb5b73830d]: IDLE"}}
[info] [hosting] Rewriting /wakefield?uprn=63121996 to http://localhost:5001/bin-collection-api/us-central1/wakefield for local Function wakefield
[debug] [2021-12-26T15:07:02.607Z] >>> [apiv2][query] GET http://localhost:5001/bin-collection-api/us-central1/wakefield/wakefield uprn=63121996
[debug] [2021-12-26T15:07:02.612Z] [work-queue] {"queueLength":1,"workRunningCount":0}
[debug] [2021-12-26T15:07:02.612Z] [work-queue] {"queueLength":0,"workRunningCount":1}
[debug] [2021-12-26T15:07:02.612Z] Accepted request GET /bin-collection-api/us-central1/wakefield/wakefield?uprn=63121996 --> us-central1-wakefield
[debug] [2021-12-26T15:07:02.616Z] [worker-pool] addWorker(us-central1-wakefield) {"metadata":{"emulator":{"name":"functions"},"message":"[worker-pool] addWorker(us-central1-wakefield)"}}
[debug] [2021-12-26T15:07:02.616Z] [worker-pool] Adding worker with key us-central1-wakefield, total=1 {"metadata":{"emulator":{"name":"functions"},"message":"[worker-pool] Adding worker with key us-central1-wakefield, total=1"}}
[debug] [2021-12-26T15:07:02.616Z] [worker-pool] submitWork(triggerId=us-central1-wakefield) {"metadata":{"emulator":{"name":"functions"},"message":"[worker-pool] submitWork(triggerId=us-central1-wakefield)"}}
[debug] [2021-12-26T15:07:02.616Z] [worker-us-central1-wakefield-0dea10e9-c992-4a82-b347-586550341783]: Assigning socketPath: /var/folders/8s/m5g22bbs1cv6c8p9gvms706w0000gn/T/fire_emu_29892.sock {"metadata":{"emulator":{"name":"functions"},"message":"[worker-us-central1-wakefield-0dea10e9-c992-4a82-b347-586550341783]: Assigning socketPath: /var/folders/8s/m5g22bbs1cv6c8p9gvms706w0000gn/T/fire_emu_29892.sock"}}
[debug] [2021-12-26T15:07:02.616Z] [worker-us-central1-wakefield-0dea10e9-c992-4a82-b347-586550341783]: BUSY {"metadata":{"emulator":{"name":"functions"},"message":"[worker-us-central1-wakefield-0dea10e9-c992-4a82-b347-586550341783]: BUSY"}}
[debug] [2021-12-26T15:07:02.690Z] [runtime-status] [29892] Functions runtime initialized. {"cwd":"/Users/greg/Documents/Projects/Bin Collective/firebase-bin-collection-api/functions","node_version":"17.0.1"} {"metadata":{"emulator":{"name":"functions"},"function":{"name":"us-central1-wakefield"},"message":"[runtime-status] [29892] Functions runtime initialized. {\"cwd\":\"/Users/greg/Documents/Projects/Bin Collective/firebase-bin-collection-api/functions\",\"node_version\":\"17.0.1\"}"}}
[debug] [2021-12-26T15:07:02.690Z] [runtime-status] [29892] Disabled runtime features: undefined {"metadata":{"emulator":{"name":"functions"},"function":{"name":"us-central1-wakefield"},"message":"[runtime-status] [29892] Disabled runtime features: undefined"}}
[debug] [2021-12-26T15:07:02.691Z] [runtime-status] [29892] Resolved module firebase-admin {"declared":true,"installed":true,"version":"9.12.0","resolution":"/Users/greg/Documents/Projects/Bin Collective/firebase-bin-collection-api/functions/node_modules/firebase-admin/lib/index.js"} {"metadata":{"emulator":{"name":"functions"},"function":{"name":"us-central1-wakefield"},"message":"[runtime-status] [29892] Resolved module firebase-admin {\"declared\":true,\"installed\":true,\"version\":\"9.12.0\",\"resolution\":\"/Users/greg/Documents/Projects/Bin Collective/firebase-bin-collection-api/functions/node_modules/firebase-admin/lib/index.js\"}"}}
[debug] [2021-12-26T15:07:02.692Z] [runtime-status] [29892] Resolved module firebase-functions {"declared":true,"installed":true,"version":"3.16.0","resolution":"/Users/greg/Documents/Projects/Bin Collective/firebase-bin-collection-api/functions/node_modules/firebase-functions/lib/index.js"} {"metadata":{"emulator":{"name":"functions"},"function":{"name":"us-central1-wakefield"},"message":"[runtime-status] [29892] Resolved module firebase-functions {\"declared\":true,\"installed\":true,\"version\":\"3.16.0\",\"resolution\":\"/Users/greg/Documents/Projects/Bin Collective/firebase-bin-collection-api/functions/node_modules/firebase-functions/lib/index.js\"}"}}
[debug] [2021-12-26T15:07:02.693Z] [runtime-status] [29892] Outgoing network have been stubbed. [{"name":"http","status":"mocked"},{"name":"http","status":"mocked"},{"name":"https","status":"mocked"},{"name":"https","status":"mocked"},{"name":"net","status":"mocked"}] {"metadata":{"emulator":{"name":"functions"},"function":{"name":"us-central1-wakefield"},"message":"[runtime-status] [29892] Outgoing network have been stubbed. [{\"name\":\"http\",\"status\":\"mocked\"},{\"name\":\"http\",\"status\":\"mocked\"},{\"name\":\"https\",\"status\":\"mocked\"},{\"name\":\"https\",\"status\":\"mocked\"},{\"name\":\"net\",\"status\":\"mocked\"}]"}}
[debug] [2021-12-26T15:07:02.693Z] [runtime-status] [29892] Resolved module firebase-functions {"declared":true,"installed":true,"version":"3.16.0","resolution":"/Users/greg/Documents/Projects/Bin Collective/firebase-bin-collection-api/functions/node_modules/firebase-functions/lib/index.js"} {"metadata":{"emulator":{"name":"functions"},"function":{"name":"us-central1-wakefield"},"message":"[runtime-status] [29892] Resolved module firebase-functions {\"declared\":true,\"installed\":true,\"version\":\"3.16.0\",\"resolution\":\"/Users/greg/Documents/Projects/Bin Collective/firebase-bin-collection-api/functions/node_modules/firebase-functions/lib/index.js\"}"}}
[debug] [2021-12-26T15:07:02.708Z] [runtime-status] [29892] Checked functions.config() {"config":{}} {"metadata":{"emulator":{"name":"functions"},"function":{"name":"us-central1-wakefield"},"message":"[runtime-status] [29892] Checked functions.config() {\"config\":{}}"}}
[debug] [2021-12-26T15:07:02.708Z] [runtime-status] [29892] firebase-functions has been stubbed. {"functionsResolution":{"declared":true,"installed":true,"version":"3.16.0","resolution":"/Users/greg/Documents/Projects/Bin Collective/firebase-bin-collection-api/functions/node_modules/firebase-functions/lib/index.js"}} {"metadata":{"emulator":{"name":"functions"},"function":{"name":"us-central1-wakefield"},"message":"[runtime-status] [29892] firebase-functions has been stubbed. {\"functionsResolution\":{\"declared\":true,\"installed\":true,\"version\":\"3.16.0\",\"resolution\":\"/Users/greg/Documents/Projects/Bin Collective/firebase-bin-collection-api/functions/node_modules/firebase-functions/lib/index.js\"}}"}}
[debug] [2021-12-26T15:07:02.709Z] [runtime-status] [29892] Resolved module firebase-functions {"declared":true,"installed":true,"version":"3.16.0","resolution":"/Users/greg/Documents/Projects/Bin Collective/firebase-bin-collection-api/functions/node_modules/firebase-functions/lib/index.js"} {"metadata":{"emulator":{"name":"functions"},"function":{"name":"us-central1-wakefield"},"message":"[runtime-status] [29892] Resolved module firebase-functions {\"declared\":true,\"installed\":true,\"version\":\"3.16.0\",\"resolution\":\"/Users/greg/Documents/Projects/Bin Collective/firebase-bin-collection-api/functions/node_modules/firebase-functions/lib/index.js\"}"}}
[debug] [2021-12-26T15:07:02.709Z] [runtime-status] [29892] Resolved module firebase-admin {"declared":true,"installed":true,"version":"9.12.0","resolution":"/Users/greg/Documents/Projects/Bin Collective/firebase-bin-collection-api/functions/node_modules/firebase-admin/lib/index.js"} {"metadata":{"emulator":{"name":"functions"},"function":{"name":"us-central1-wakefield"},"message":"[runtime-status] [29892] Resolved module firebase-admin {\"declared\":true,\"installed\":true,\"version\":\"9.12.0\",\"resolution\":\"/Users/greg/Documents/Projects/Bin Collective/firebase-bin-collection-api/functions/node_modules/firebase-admin/lib/index.js\"}"}}
[debug] [2021-12-26T15:07:02.709Z] [runtime-status] [29892] Resolved module firebase-functions {"declared":true,"installed":true,"version":"3.16.0","resolution":"/Users/greg/Documents/Projects/Bin Collective/firebase-bin-collection-api/functions/node_modules/firebase-functions/lib/index.js"} {"metadata":{"emulator":{"name":"functions"},"function":{"name":"us-central1-wakefield"},"message":"[runtime-status] [29892] Resolved module firebase-functions {\"declared\":true,\"installed\":true,\"version\":\"3.16.0\",\"resolution\":\"/Users/greg/Documents/Projects/Bin Collective/firebase-bin-collection-api/functions/node_modules/firebase-functions/lib/index.js\"}"}}
[debug] [2021-12-26T15:07:02.710Z] [runtime-status] [29892] firebase-admin has been stubbed. {"adminResolution":{"declared":true,"installed":true,"version":"9.12.0","resolution":"/Users/greg/Documents/Projects/Bin Collective/firebase-bin-collection-api/functions/node_modules/firebase-admin/lib/index.js"}} {"metadata":{"emulator":{"name":"functions"},"function":{"name":"us-central1-wakefield"},"message":"[runtime-status] [29892] firebase-admin has been stubbed. {\"adminResolution\":{\"declared\":true,\"installed\":true,\"version\":\"9.12.0\",\"resolution\":\"/Users/greg/Documents/Projects/Bin Collective/firebase-bin-collection-api/functions/node_modules/firebase-admin/lib/index.js\"}}"}}
[debug] [2021-12-26T15:07:02.768Z] [runtime-status] [29892] Trigger "us-central1-wakefield" has been found, beginning invocation! {"metadata":{"emulator":{"name":"functions"},"function":{"name":"us-central1-wakefield"},"message":"[runtime-status] [29892] Trigger \"us-central1-wakefield\" has been found, beginning invocation!"}}
[info] i  functions: Beginning execution of "us-central1-wakefield" {"metadata":{"emulator":{"name":"functions"},"function":{"name":"us-central1-wakefield"},"message":"Beginning execution of \"us-central1-wakefield\""}}
[debug] [2021-12-26T15:07:02.769Z] [runtime-status] [29892] triggerDefinition {"httpsTrigger":{},"name":"wakefield","entryPoint":"wakefield","regions":["us-central1"],"region":"us-central1","id":"us-central1-wakefield","platform":"gcfv1"} {"metadata":{"emulator":{"name":"functions"},"function":{"name":"us-central1-wakefield"},"message":"[runtime-status] [29892] triggerDefinition {\"httpsTrigger\":{},\"name\":\"wakefield\",\"entryPoint\":\"wakefield\",\"regions\":[\"us-central1\"],\"region\":\"us-central1\",\"id\":\"us-central1-wakefield\",\"platform\":\"gcfv1\"}"}}
[debug] [2021-12-26T15:07:02.769Z] [runtime-status] [29892] Running us-central1-wakefield in signature http {"metadata":{"emulator":{"name":"functions"},"function":{"name":"us-central1-wakefield"},"message":"[runtime-status] [29892] Running us-central1-wakefield in signature http"}}
[debug] [2021-12-26T15:07:02.770Z] [runtime-status] [29892] Attempting to listen to socketPath: /var/folders/8s/m5g22bbs1cv6c8p9gvms706w0000gn/T/fire_emu_29892.sock {"metadata":{"emulator":{"name":"functions"},"function":{"name":"us-central1-wakefield"},"message":"[runtime-status] [29892] Attempting to listen to socketPath: /var/folders/8s/m5g22bbs1cv6c8p9gvms706w0000gn/T/fire_emu_29892.sock"}}
[debug] [2021-12-26T15:07:02.772Z] [functions] Runtime ready! Sending request! {"metadata":{"emulator":{"name":"functions"},"message":"[functions] Runtime ready! Sending request!"}}
[debug] [2021-12-26T15:07:02.772Z] [functions] Got req.url=/bin-collection-api/us-central1/wakefield/wakefield?uprn=63121996, mapping to path=/wakefield?uprn=63121996 {"metadata":{"emulator":{"name":"functions"},"message":"[functions] Got req.url=/bin-collection-api/us-central1/wakefield/wakefield?uprn=63121996, mapping to path=/wakefield?uprn=63121996"}}
[debug] [2021-12-26T15:07:02.776Z] [runtime-status] [29892] Ephemeral server handling GET request {"metadata":{"emulator":{"name":"functions"},"function":{"name":"us-central1-wakefield"},"message":"[runtime-status] [29892] Ephemeral server handling GET request"}}
[info] >  0 Household waste {"user":"0 Household waste","metadata":{"emulator":{"name":"functions"},"function":{"name":"us-central1-wakefield"},"message":"\u001b[90m> \u001b[39m 0 Household waste"}}
[info] >  1 Last collection17/12/2021 {"user":"1 Last collection17/12/2021","metadata":{"emulator":{"name":"functions"},"function":{"name":"us-central1-wakefield"},"message":"\u001b[90m> \u001b[39m 1 Last collection17/12/2021"}}
[info] >  2 Last collection {"user":"2 Last collection","metadata":{"emulator":{"name":"functions"},"function":{"name":"us-central1-wakefield"},"message":"\u001b[90m> \u001b[39m 2 Last collection"}}
[info] >  3 17/12/2021 {"user":"3 17/12/2021","metadata":{"emulator":{"name":"functions"},"function":{"name":"us-central1-wakefield"},"message":"\u001b[90m> \u001b[39m 3 17/12/2021"}}
[info] >  4 Next collection31/12/2021 {"user":"4 Next collection31/12/2021","metadata":{"emulator":{"name":"functions"},"function":{"name":"us-central1-wakefield"},"message":"\u001b[90m> \u001b[39m 4 Next collection31/12/2021"}}
[info] >  5 Next collection {"user":"5 Next collection","metadata":{"emulator":{"name":"functions"},"function":{"name":"us-central1-wakefield"},"message":"\u001b[90m> \u001b[39m 5 Next collection"}}
[info] >  6 31/12/2021 {"user":"6 31/12/2021","metadata":{"emulator":{"name":"functions"},"function":{"name":"us-central1-wakefield"},"message":"\u001b[90m> \u001b[39m 6 31/12/2021"}}
[info] >  7 Future collection  dates {"user":"7 Future collection  dates","metadata":{"emulator":{"name":"functions"},"function":{"name":"us-central1-wakefield"},"message":"\u001b[90m> \u001b[39m 7 Future collection  dates"}}
[info] >  0 Mixed recycling {"user":"0 Mixed recycling","metadata":{"emulator":{"name":"functions"},"function":{"name":"us-central1-wakefield"},"message":"\u001b[90m> \u001b[39m 0 Mixed recycling"}}
[info] >  1 Last collection24/12/2021 {"user":"1 Last collection24/12/2021","metadata":{"emulator":{"name":"functions"},"function":{"name":"us-central1-wakefield"},"message":"\u001b[90m> \u001b[39m 1 Last collection24/12/2021"}}
[info] >  2 Last collection {"user":"2 Last collection","metadata":{"emulator":{"name":"functions"},"function":{"name":"us-central1-wakefield"},"message":"\u001b[90m> \u001b[39m 2 Last collection"}}
[info] >  3 24/12/2021 {"user":"3 24/12/2021","metadata":{"emulator":{"name":"functions"},"function":{"name":"us-central1-wakefield"},"message":"\u001b[90m> \u001b[39m 3 24/12/2021"}}
[info] >  4 Next collection7/1/2022 {"user":"4 Next collection7/1/2022","metadata":{"emulator":{"name":"functions"},"function":{"name":"us-central1-wakefield"},"message":"\u001b[90m> \u001b[39m 4 Next collection7/1/2022"}}
[info] >  5 Next collection {"user":"5 Next collection","metadata":{"emulator":{"name":"functions"},"function":{"name":"us-central1-wakefield"},"message":"\u001b[90m> \u001b[39m 5 Next collection"}}
[info] >  6 7/1/2022 {"user":"6 7/1/2022","metadata":{"emulator":{"name":"functions"},"function":{"name":"us-central1-wakefield"},"message":"\u001b[90m> \u001b[39m 6 7/1/2022"}}
[info] >  7 Future collection  dates {"user":"7 Future collection  dates","metadata":{"emulator":{"name":"functions"},"function":{"name":"us-central1-wakefield"},"message":"\u001b[90m> \u001b[39m 7 Future collection  dates"}}
[info] >  0 Garden waste recycling {"user":"0 Garden waste recycling","metadata":{"emulator":{"name":"functions"},"function":{"name":"us-central1-wakefield"},"message":"\u001b[90m> \u001b[39m 0 Garden waste recycling"}}
[info] >  1 There is no garden waste collection service for this property. {"user":"1 There is no garden waste collection service for this property.","metadata":{"emulator":{"name":"functions"},"function":{"name":"us-central1-wakefield"},"message":"\u001b[90m> \u001b[39m 1 There is no garden waste collection service for this property."}}
[debug] [2021-12-26T15:07:10.348Z] [runtime-status] [29892] Ephemeral server survived. {"metadata":{"emulator":{"name":"functions"},"function":{"name":"us-central1-wakefield"},"message":"[runtime-status] [29892] Ephemeral server survived."}}
[debug] [2021-12-26T15:07:10.348Z] <<< [apiv2][status] GET http://localhost:5001/bin-collection-api/us-central1/wakefield/wakefield 200
[debug] [2021-12-26T15:07:10.348Z] <<< [apiv2][body] GET http://localhost:5001/bin-collection-api/us-central1/wakefield/wakefield [stream]
[info] i  hosting: ::1 - - [26/Dec/2021:15:07:10 +0000] "GET /wakefield?uprn=63121996 HTTP/1.1" 200 208 "-" "PostmanRuntime/7.28.4" {"metadata":{"emulator":{"name":"hosting"},"message":"::1 - - [26/Dec/2021:15:07:10 +0000] \"GET /wakefield?uprn=63121996 HTTP/1.1\" 200 208 \"-\" \"PostmanRuntime/7.28.4\""}}
[info] i  functions: Finished "us-central1-wakefield" in ~7s {"metadata":{"emulator":{"name":"functions"},"function":{"name":"us-central1-wakefield"},"message":"Finished \"us-central1-wakefield\" in ~7s"}}
[debug] [2021-12-26T15:07:10.349Z] [worker-us-central1-wakefield-0dea10e9-c992-4a82-b347-586550341783]: IDLE {"metadata":{"emulator":{"name":"functions"},"message":"[worker-us-central1-wakefield-0dea10e9-c992-4a82-b347-586550341783]: IDLE"}}
[debug] [2021-12-26T15:07:10.349Z] [work-queue] {"queueLength":0,"workRunningCount":0}
